TN:
SF:src/BarcodeScannerView.tsx
FN:56,(anonymous_0)
FN:71,(anonymous_1)
FN:98,(anonymous_2)
FN:110,(anonymous_3)
FN:114,(anonymous_4)
FN:118,(anonymous_5)
FNF:6
FNH:0
FNDA:0,(anonymous_0)
FNDA:0,(anonymous_1)
FNDA:0,(anonymous_2)
FNDA:0,(anonymous_3)
FNDA:0,(anonymous_4)
FNDA:0,(anonymous_5)
DA:56,0
DA:66,0
DA:67,0
DA:68,0
DA:70,0
DA:72,0
DA:73,0
DA:76,0
DA:77,0
DA:78,0
DA:82,0
DA:84,0
DA:85,0
DA:88,0
DA:97,0
DA:99,0
DA:101,0
DA:103,0
DA:110,0
DA:111,0
DA:114,0
DA:115,0
DA:116,0
DA:118,0
DA:120,0
DA:123,0
DA:135,0
LF:27
LH:0
BRDA:57,0,0,0
BRDA:59,1,0,0
BRDA:61,2,0,0
BRDA:76,3,0,0
BRDA:76,3,1,0
BRDA:78,4,0,0
BRDA:78,4,1,0
BRDA:79,5,0,0
BRDA:79,5,1,0
BRDA:99,6,0,0
BRDA:99,6,1,0
BRDA:101,7,0,0
BRDA:101,7,1,0
BRDA:111,8,0,0
BRDA:111,8,1,0
BRDA:111,9,0,0
BRDA:111,9,1,0
BRF:17
BRH:0
end_of_record
TN:
SF:src/types.ts
FN:40,(anonymous_0)
FNF:1
FNH:0
FNDA:0,(anonymous_0)
DA:44,0
DA:45,0
LF:2
LH:0
BRF:0
BRH:0
end_of_record
